{"timestamp":"2025-12-17T13:52:30.965841","level":"info","event":"DAG bundles loaded: dags-folder","logger":"airflow.dag_processing.bundles.manager.DagBundlesManager"}
{"timestamp":"2025-12-17T13:52:30.966126","level":"info","event":"Filling up the DagBag from /opt/airflow/dags/currency_dbt_dag.py","logger":"airflow.models.dagbag.DagBag"}
{"timestamp":"2025-12-17T13:52:30.978202","level":"warning","event":"Skipping masking for a secret as it's too short (<5 chars)","logger":"airflow.sdk.execution_time.secrets_masker"}
{"timestamp":"2025-12-17T13:52:30.995805","level":"info","event":"Tmp dir root location: /tmp","logger":"airflow.task.hooks.airflow.providers.standard.hooks.subprocess.SubprocessHook"}
{"timestamp":"2025-12-17T13:52:30.996052","level":"info","event":"Running command: ['/usr/bin/bash', '-c', 'cd /opt/airflow/capstone_currency_etl && dbt debug --profiles-dir . --project-dir . --target dev || true']","logger":"airflow.task.hooks.airflow.providers.standard.hooks.subprocess.SubprocessHook"}
{"timestamp":"2025-12-17T13:52:31.000485","level":"info","event":"Output:","logger":"airflow.task.hooks.airflow.providers.standard.hooks.subprocess.SubprocessHook"}
{"timestamp":"2025-12-17T13:52:32.047553","level":"info","event":"\u001b[0m13:52:32  Running with dbt=1.11.0-rc3","logger":"airflow.task.hooks.airflow.providers.standard.hooks.subprocess.SubprocessHook"}
{"timestamp":"2025-12-17T13:52:32.053077","level":"info","event":"\u001b[0m13:52:32  dbt version: 1.11.0-rc3","logger":"airflow.task.hooks.airflow.providers.standard.hooks.subprocess.SubprocessHook"}
{"timestamp":"2025-12-17T13:52:32.053349","level":"info","event":"\u001b[0m13:52:32  python version: 3.12.11","logger":"airflow.task.hooks.airflow.providers.standard.hooks.subprocess.SubprocessHook"}
{"timestamp":"2025-12-17T13:52:32.053562","level":"info","event":"\u001b[0m13:52:32  python path: /home/airflow/.local/bin/python","logger":"airflow.task.hooks.airflow.providers.standard.hooks.subprocess.SubprocessHook"}
{"timestamp":"2025-12-17T13:52:32.053760","level":"info","event":"\u001b[0m13:52:32  os info: Linux-6.10.14-linuxkit-aarch64-with-glibc2.36","logger":"airflow.task.hooks.airflow.providers.standard.hooks.subprocess.SubprocessHook"}
{"timestamp":"2025-12-17T13:52:32.056399","level":"info","event":"\u001b[0m13:52:32  Using profiles dir at .","logger":"airflow.task.hooks.airflow.providers.standard.hooks.subprocess.SubprocessHook"}
{"timestamp":"2025-12-17T13:52:32.056672","level":"info","event":"\u001b[0m13:52:32  Using profiles.yml file at ./profiles.yml","logger":"airflow.task.hooks.airflow.providers.standard.hooks.subprocess.SubprocessHook"}
{"timestamp":"2025-12-17T13:52:32.056875","level":"info","event":"\u001b[0m13:52:32  Using dbt_project.yml file at ./dbt_project.yml","logger":"airflow.task.hooks.airflow.providers.standard.hooks.subprocess.SubprocessHook"}
{"timestamp":"2025-12-17T13:52:32.110187","level":"info","event":"\u001b[0m13:52:32  Configuration:","logger":"airflow.task.hooks.airflow.providers.standard.hooks.subprocess.SubprocessHook"}
{"timestamp":"2025-12-17T13:52:32.110564","level":"info","event":"\u001b[0m13:52:32    profiles.yml file [\u001b[31mERROR invalid\u001b[0m]","logger":"airflow.task.hooks.airflow.providers.standard.hooks.subprocess.SubprocessHook"}
{"timestamp":"2025-12-17T13:52:32.110832","level":"info","event":"\u001b[0m13:52:32    dbt_project.yml file [\u001b[32mOK found and valid\u001b[0m]","logger":"airflow.task.hooks.airflow.providers.standard.hooks.subprocess.SubprocessHook"}
{"timestamp":"2025-12-17T13:52:32.111076","level":"info","event":"\u001b[0m13:52:32  Required dependencies:","logger":"airflow.task.hooks.airflow.providers.standard.hooks.subprocess.SubprocessHook"}
{"timestamp":"2025-12-17T13:52:32.115962","level":"info","event":"\u001b[0m13:52:32   - git [\u001b[32mOK found\u001b[0m]","logger":"airflow.task.hooks.airflow.providers.standard.hooks.subprocess.SubprocessHook"}
{"timestamp":"2025-12-17T13:52:32.116010","level":"info","event":"","logger":"airflow.task.hooks.airflow.providers.standard.hooks.subprocess.SubprocessHook"}
{"timestamp":"2025-12-17T13:52:32.116234","level":"info","event":"\u001b[0m13:52:32  Connection test skipped since no profile was found","logger":"airflow.task.hooks.airflow.providers.standard.hooks.subprocess.SubprocessHook"}
{"timestamp":"2025-12-17T13:52:32.116464","level":"info","event":"\u001b[0m13:52:32  \u001b[31m1 check failed:\u001b[0m","logger":"airflow.task.hooks.airflow.providers.standard.hooks.subprocess.SubprocessHook"}
{"timestamp":"2025-12-17T13:52:32.116694","level":"info","event":"\u001b[0m13:52:32  Profile loading failed for the following reason:","logger":"airflow.task.hooks.airflow.providers.standard.hooks.subprocess.SubprocessHook"}
{"timestamp":"2025-12-17T13:52:32.116741","level":"info","event":"Runtime Error","logger":"airflow.task.hooks.airflow.providers.standard.hooks.subprocess.SubprocessHook"}
{"timestamp":"2025-12-17T13:52:32.116773","level":"info","event":"  Compilation Error","logger":"airflow.task.hooks.airflow.providers.standard.hooks.subprocess.SubprocessHook"}
{"timestamp":"2025-12-17T13:52:32.116798","level":"info","event":"    Could not render ${{ secrets.SNOWFLAKE_ORGANIZATION_NAME }}-${{ secrets.SNOWFLAKE_ACCOUNT_NAME }}: 'secrets' is undefined","logger":"airflow.task.hooks.airflow.providers.standard.hooks.subprocess.SubprocessHook"}
{"timestamp":"2025-12-17T13:52:32.116829","level":"info","event":"","logger":"airflow.task.hooks.airflow.providers.standard.hooks.subprocess.SubprocessHook"}
{"timestamp":"2025-12-17T13:52:32.116847","level":"info","event":"","logger":"airflow.task.hooks.airflow.providers.standard.hooks.subprocess.SubprocessHook"}
{"timestamp":"2025-12-17T13:52:32.674752","level":"info","event":"Command exited with return code 0","logger":"airflow.task.hooks.airflow.providers.standard.hooks.subprocess.SubprocessHook"}
{"timestamp":"2025-12-17T13:52:32.675507","level":"info","event":"Pushing xcom","ti":"RuntimeTaskInstance(id=UUID('019b2c85-24a8-7725-b287-1ee28f258a01'), task_id='dbt_debug', dag_id='capstone_currency_etl', run_id='manual__2025-12-17T13:34:41.814885+00:00', try_number=1, map_index=-1, hostname='e58d4f67a010', context_carrier={}, task=<Task(BashOperator): dbt_debug>, bundle_instance=LocalDagBundle(name=dags-folder), max_tries=1, start_date=datetime.datetime(2025, 12, 17, 13, 52, 30, 904489, tzinfo=datetime.timezone.utc), end_date=None, state=<TaskInstanceState.RUNNING: 'running'>, is_mapped=False, rendered_map_index=None, log_url='http://localhost:8080/dags/capstone_currency_etl/runs/manual__2025-12-17T13%3A34%3A41.814885%2B00%3A00/tasks/dbt_debug?try_number=1')","logger":"task"}
