{"timestamp":"2025-12-17T13:34:43.408458","level":"info","event":"DAG bundles loaded: dags-folder","logger":"airflow.dag_processing.bundles.manager.DagBundlesManager"}
{"timestamp":"2025-12-17T13:34:43.408800","level":"info","event":"Filling up the DagBag from /opt/airflow/dags/currency_dbt_dag.py","logger":"airflow.models.dagbag.DagBag"}
{"timestamp":"2025-12-17T13:34:43.428439","level":"warning","event":"Skipping masking for a secret as it's too short (<5 chars)","logger":"airflow.sdk.execution_time.secrets_masker"}
{"timestamp":"2025-12-17T13:34:43.479771","level":"info","event":"Tmp dir root location: /tmp","logger":"airflow.task.hooks.airflow.providers.standard.hooks.subprocess.SubprocessHook"}
{"timestamp":"2025-12-17T13:34:43.480700","level":"info","event":"Running command: ['/usr/bin/bash', '-c', 'cd /opt/airflow/capstone_currency_etl && dbt debug --profiles-dir . --project-dir . --target dev || true']","logger":"airflow.task.hooks.airflow.providers.standard.hooks.subprocess.SubprocessHook"}
{"timestamp":"2025-12-17T13:34:43.485685","level":"info","event":"Output:","logger":"airflow.task.hooks.airflow.providers.standard.hooks.subprocess.SubprocessHook"}
{"timestamp":"2025-12-17T13:34:44.549384","level":"info","event":"\u001b[0m13:34:44  Running with dbt=1.11.0-rc3","logger":"airflow.task.hooks.airflow.providers.standard.hooks.subprocess.SubprocessHook"}
{"timestamp":"2025-12-17T13:34:44.568592","level":"info","event":"\u001b[0m13:34:44  dbt version: 1.11.0-rc3","logger":"airflow.task.hooks.airflow.providers.standard.hooks.subprocess.SubprocessHook"}
{"timestamp":"2025-12-17T13:34:44.568730","level":"info","event":"\u001b[0m13:34:44  python version: 3.12.11","logger":"airflow.task.hooks.airflow.providers.standard.hooks.subprocess.SubprocessHook"}
{"timestamp":"2025-12-17T13:34:44.568864","level":"info","event":"\u001b[0m13:34:44  python path: /home/airflow/.local/bin/python","logger":"airflow.task.hooks.airflow.providers.standard.hooks.subprocess.SubprocessHook"}
{"timestamp":"2025-12-17T13:34:44.569094","level":"info","event":"\u001b[0m13:34:44  os info: Linux-6.10.14-linuxkit-aarch64-with-glibc2.36","logger":"airflow.task.hooks.airflow.providers.standard.hooks.subprocess.SubprocessHook"}
{"timestamp":"2025-12-17T13:34:44.571852","level":"info","event":"\u001b[0m13:34:44  Using profiles dir at .","logger":"airflow.task.hooks.airflow.providers.standard.hooks.subprocess.SubprocessHook"}
{"timestamp":"2025-12-17T13:34:44.572005","level":"info","event":"\u001b[0m13:34:44  Using profiles.yml file at ./profiles.yml","logger":"airflow.task.hooks.airflow.providers.standard.hooks.subprocess.SubprocessHook"}
{"timestamp":"2025-12-17T13:34:44.572213","level":"info","event":"\u001b[0m13:34:44  Using dbt_project.yml file at ./dbt_project.yml","logger":"airflow.task.hooks.airflow.providers.standard.hooks.subprocess.SubprocessHook"}
{"timestamp":"2025-12-17T13:34:44.607484","level":"info","event":"\u001b[0m13:34:44  Configuration:","logger":"airflow.task.hooks.airflow.providers.standard.hooks.subprocess.SubprocessHook"}
{"timestamp":"2025-12-17T13:34:44.607757","level":"info","event":"\u001b[0m13:34:44    profiles.yml file [\u001b[31mERROR invalid\u001b[0m]","logger":"airflow.task.hooks.airflow.providers.standard.hooks.subprocess.SubprocessHook"}
{"timestamp":"2025-12-17T13:34:44.607945","level":"info","event":"\u001b[0m13:34:44    dbt_project.yml file [\u001b[32mOK found and valid\u001b[0m]","logger":"airflow.task.hooks.airflow.providers.standard.hooks.subprocess.SubprocessHook"}
{"timestamp":"2025-12-17T13:34:44.608195","level":"info","event":"\u001b[0m13:34:44  Required dependencies:","logger":"airflow.task.hooks.airflow.providers.standard.hooks.subprocess.SubprocessHook"}
{"timestamp":"2025-12-17T13:34:44.621477","level":"info","event":"\u001b[0m13:34:44   - git [\u001b[32mOK found\u001b[0m]","logger":"airflow.task.hooks.airflow.providers.standard.hooks.subprocess.SubprocessHook"}
{"timestamp":"2025-12-17T13:34:44.621521","level":"info","event":"","logger":"airflow.task.hooks.airflow.providers.standard.hooks.subprocess.SubprocessHook"}
{"timestamp":"2025-12-17T13:34:44.621664","level":"info","event":"\u001b[0m13:34:44  Connection test skipped since no profile was found","logger":"airflow.task.hooks.airflow.providers.standard.hooks.subprocess.SubprocessHook"}
{"timestamp":"2025-12-17T13:34:44.621858","level":"info","event":"\u001b[0m13:34:44  \u001b[31m1 check failed:\u001b[0m","logger":"airflow.task.hooks.airflow.providers.standard.hooks.subprocess.SubprocessHook"}
{"timestamp":"2025-12-17T13:34:44.622013","level":"info","event":"\u001b[0m13:34:44  Profile loading failed for the following reason:","logger":"airflow.task.hooks.airflow.providers.standard.hooks.subprocess.SubprocessHook"}
{"timestamp":"2025-12-17T13:34:44.622029","level":"info","event":"Runtime Error","logger":"airflow.task.hooks.airflow.providers.standard.hooks.subprocess.SubprocessHook"}
{"timestamp":"2025-12-17T13:34:44.622044","level":"info","event":"  Compilation Error","logger":"airflow.task.hooks.airflow.providers.standard.hooks.subprocess.SubprocessHook"}
{"timestamp":"2025-12-17T13:34:44.622072","level":"info","event":"    Could not render ${{ secrets.SNOWFLAKE_ORGANIZATION_NAME }}-${{ secrets.SNOWFLAKE_ACCOUNT_NAME }}: 'secrets' is undefined","logger":"airflow.task.hooks.airflow.providers.standard.hooks.subprocess.SubprocessHook"}
{"timestamp":"2025-12-17T13:34:44.622101","level":"info","event":"","logger":"airflow.task.hooks.airflow.providers.standard.hooks.subprocess.SubprocessHook"}
{"timestamp":"2025-12-17T13:34:44.622119","level":"info","event":"","logger":"airflow.task.hooks.airflow.providers.standard.hooks.subprocess.SubprocessHook"}
{"timestamp":"2025-12-17T13:34:45.220958","level":"info","event":"Command exited with return code 0","logger":"airflow.task.hooks.airflow.providers.standard.hooks.subprocess.SubprocessHook"}
{"timestamp":"2025-12-17T13:34:45.222138","level":"info","event":"Pushing xcom","ti":"RuntimeTaskInstance(id=UUID('019b2c85-278c-7d66-82e3-513e6a92a365'), task_id='dbt_debug', dag_id='capstone_currency_etl', run_id='scheduled__2025-12-17T02:00:00+00:00', try_number=1, map_index=-1, hostname='e58d4f67a010', context_carrier={}, task=<Task(BashOperator): dbt_debug>, bundle_instance=LocalDagBundle(name=dags-folder), max_tries=1, start_date=datetime.datetime(2025, 12, 17, 13, 34, 42, 929102, tzinfo=datetime.timezone.utc), end_date=None, state=<TaskInstanceState.RUNNING: 'running'>, is_mapped=False, rendered_map_index=None, log_url='http://localhost:8080/dags/capstone_currency_etl/runs/scheduled__2025-12-17T02%3A00%3A00%2B00%3A00/tasks/dbt_debug?try_number=1')","logger":"task"}
